<?xml version="1.0" encoding="UTF-8"?>
<testng-results ignored="0" total="1" passed="1" failed="0" skipped="0">
  <reporter-output>
  </reporter-output>
  <suite started-at="2022-09-29T23:39:08 IST" name="Default suite" finished-at="2022-09-29T23:39:23 IST" duration-ms="14787">
    <groups>
    </groups>
    <test started-at="2022-09-29T23:39:08 IST" name="Default test" finished-at="2022-09-29T23:39:23 IST" duration-ms="14787">
      <class name="POM_TestNg.TestClass">
        <test-method is-config="true" signature="openapp()[pri:0, instance:POM_TestNg.TestClass@96def03]" started-at="2022-09-29T23:39:08 IST" name="openapp" finished-at="2022-09-29T23:39:14 IST" duration-ms="5558" status="PASS">
          <reporter-output>
          </reporter-output>
        </test-method> <!-- openapp -->
        <test-method signature="extract_method()[pri:0, instance:POM_TestNg.TestClass@96def03]" started-at="2022-09-29T23:39:14 IST" name="extract_method" finished-at="2022-09-29T23:39:23 IST" duration-ms="9189" status="PASS">
          <reporter-output>
          </reporter-output>
        </test-method> <!-- extract_method -->
        <test-method is-config="true" signature="verify()[pri:0, instance:POM_TestNg.TestClass@96def03]" started-at="2022-09-29T23:39:23 IST" name="verify" finished-at="2022-09-29T23:39:23 IST" duration-ms="6" status="PASS">
          <reporter-output>
          </reporter-output>
        </test-method> <!-- verify -->
      </class> <!-- POM_TestNg.TestClass -->
    </test> <!-- Default test -->
  </suite> <!-- Default suite -->
</testng-results>
